<?xml version="1.0" encoding="UTF-8"?>
<testsuite xmlns:xsi="http://www.w3.org/2001/XMLSchema-instance" xsi:noNamespaceSchemaLocation="https://maven.apache.org/surefire/maven-surefire-plugin/xsd/surefire-test-report.xsd" name="com.qf.service.RoleServiceImplTest" time="6.076" tests="1" errors="0" skipped="0" failures="0">
  <properties>
    <property name="sun.desktop" value="windows"/>
    <property name="awt.toolkit" value="sun.awt.windows.WToolkit"/>
    <property name="file.encoding.pkg" value="sun.io"/>
    <property name="java.specification.version" value="1.8"/>
    <property name="sun.cpu.isalist" value="amd64"/>
    <property name="sun.jnu.encoding" value="GBK"/>
    <property name="java.class.path" value="D:\Thread_code\SpringBoot_Code\day01_springboot_quick_start\target\test-classes;D:\Thread_code\SpringBoot_Code\day01_springboot_quick_start\target\classes;D:\javapx\kfhj\repository\org\springframework\boot\spring-boot-starter-web\2.0.2.RELEASE\spring-boot-starter-web-2.0.2.RELEASE.jar;D:\javapx\kfhj\repository\org\springframework\boot\spring-boot-starter\2.0.2.RELEASE\spring-boot-starter-2.0.2.RELEASE.jar;D:\javapx\kfhj\repository\org\springframework\boot\spring-boot-starter-logging\2.0.2.RELEASE\spring-boot-starter-logging-2.0.2.RELEASE.jar;D:\javapx\kfhj\repository\ch\qos\logback\logback-classic\1.2.3\logback-classic-1.2.3.jar;D:\javapx\kfhj\repository\ch\qos\logback\logback-core\1.2.3\logback-core-1.2.3.jar;D:\javapx\kfhj\repository\org\apache\logging\log4j\log4j-to-slf4j\2.10.0\log4j-to-slf4j-2.10.0.jar;D:\javapx\kfhj\repository\org\apache\logging\log4j\log4j-api\2.10.0\log4j-api-2.10.0.jar;D:\javapx\kfhj\repository\org\slf4j\jul-to-slf4j\1.7.25\jul-to-slf4j-1.7.25.jar;D:\javapx\kfhj\repository\javax\annotation\javax.annotation-api\1.3.2\javax.annotation-api-1.3.2.jar;D:\javapx\kfhj\repository\org\yaml\snakeyaml\1.19\snakeyaml-1.19.jar;D:\javapx\kfhj\repository\org\springframework\boot\spring-boot-starter-json\2.0.2.RELEASE\spring-boot-starter-json-2.0.2.RELEASE.jar;D:\javapx\kfhj\repository\com\fasterxml\jackson\core\jackson-databind\2.9.5\jackson-databind-2.9.5.jar;D:\javapx\kfhj\repository\com\fasterxml\jackson\core\jackson-annotations\2.9.0\jackson-annotations-2.9.0.jar;D:\javapx\kfhj\repository\com\fasterxml\jackson\core\jackson-core\2.9.5\jackson-core-2.9.5.jar;D:\javapx\kfhj\repository\com\fasterxml\jackson\datatype\jackson-datatype-jdk8\2.9.5\jackson-datatype-jdk8-2.9.5.jar;D:\javapx\kfhj\repository\com\fasterxml\jackson\datatype\jackson-datatype-jsr310\2.9.5\jackson-datatype-jsr310-2.9.5.jar;D:\javapx\kfhj\repository\com\fasterxml\jackson\module\jackson-module-parameter-names\2.9.5\jackson-module-parameter-names-2.9.5.jar;D:\javapx\kfhj\repository\org\springframework\boot\spring-boot-starter-tomcat\2.0.2.RELEASE\spring-boot-starter-tomcat-2.0.2.RELEASE.jar;D:\javapx\kfhj\repository\org\apache\tomcat\embed\tomcat-embed-core\8.5.31\tomcat-embed-core-8.5.31.jar;D:\javapx\kfhj\repository\org\apache\tomcat\embed\tomcat-embed-el\8.5.31\tomcat-embed-el-8.5.31.jar;D:\javapx\kfhj\repository\org\apache\tomcat\embed\tomcat-embed-websocket\8.5.31\tomcat-embed-websocket-8.5.31.jar;D:\javapx\kfhj\repository\org\hibernate\validator\hibernate-validator\6.0.9.Final\hibernate-validator-6.0.9.Final.jar;D:\javapx\kfhj\repository\javax\validation\validation-api\2.0.1.Final\validation-api-2.0.1.Final.jar;D:\javapx\kfhj\repository\org\jboss\logging\jboss-logging\3.3.2.Final\jboss-logging-3.3.2.Final.jar;D:\javapx\kfhj\repository\com\fasterxml\classmate\1.3.4\classmate-1.3.4.jar;D:\javapx\kfhj\repository\org\springframework\spring-web\5.0.6.RELEASE\spring-web-5.0.6.RELEASE.jar;D:\javapx\kfhj\repository\org\springframework\spring-beans\5.0.6.RELEASE\spring-beans-5.0.6.RELEASE.jar;D:\javapx\kfhj\repository\org\springframework\spring-webmvc\5.0.6.RELEASE\spring-webmvc-5.0.6.RELEASE.jar;D:\javapx\kfhj\repository\org\springframework\spring-aop\5.0.6.RELEASE\spring-aop-5.0.6.RELEASE.jar;D:\javapx\kfhj\repository\org\springframework\spring-context\5.0.6.RELEASE\spring-context-5.0.6.RELEASE.jar;D:\javapx\kfhj\repository\org\springframework\spring-expression\5.0.6.RELEASE\spring-expression-5.0.6.RELEASE.jar;D:\javapx\kfhj\repository\org\springframework\boot\spring-boot-devtools\2.0.2.RELEASE\spring-boot-devtools-2.0.2.RELEASE.jar;D:\javapx\kfhj\repository\org\springframework\boot\spring-boot\2.0.2.RELEASE\spring-boot-2.0.2.RELEASE.jar;D:\javapx\kfhj\repository\org\springframework\boot\spring-boot-autoconfigure\2.0.2.RELEASE\spring-boot-autoconfigure-2.0.2.RELEASE.jar;D:\javapx\kfhj\repository\org\springframework\boot\spring-boot-configuration-processor\2.0.2.RELEASE\spring-boot-configuration-processor-2.0.2.RELEASE.jar;D:\javapx\kfhj\repository\org\springframework\boot\spring-boot-starter-jdbc\2.0.2.RELEASE\spring-boot-starter-jdbc-2.0.2.RELEASE.jar;D:\javapx\kfhj\repository\com\zaxxer\HikariCP\2.7.9\HikariCP-2.7.9.jar;D:\javapx\kfhj\repository\org\springframework\spring-jdbc\5.0.6.RELEASE\spring-jdbc-5.0.6.RELEASE.jar;D:\javapx\kfhj\repository\org\springframework\spring-tx\5.0.6.RELEASE\spring-tx-5.0.6.RELEASE.jar;D:\javapx\kfhj\repository\com\mysql\mysql-connector-j\8.0.33\mysql-connector-j-8.0.33.jar;D:\javapx\kfhj\repository\com\google\protobuf\protobuf-java\3.21.9\protobuf-java-3.21.9.jar;D:\javapx\kfhj\repository\com\alibaba\druid-spring-boot-starter\1.1.10\druid-spring-boot-starter-1.1.10.jar;D:\javapx\kfhj\repository\com\alibaba\druid\1.1.10\druid-1.1.10.jar;D:\javapx\kfhj\repository\org\slf4j\slf4j-api\1.7.25\slf4j-api-1.7.25.jar;D:\javapx\kfhj\repository\org\mybatis\spring\boot\mybatis-spring-boot-starter\2.0.1\mybatis-spring-boot-starter-2.0.1.jar;D:\javapx\kfhj\repository\org\mybatis\spring\boot\mybatis-spring-boot-autoconfigure\2.0.1\mybatis-spring-boot-autoconfigure-2.0.1.jar;D:\javapx\kfhj\repository\org\mybatis\mybatis\3.5.1\mybatis-3.5.1.jar;D:\javapx\kfhj\repository\org\mybatis\mybatis-spring\2.0.1\mybatis-spring-2.0.1.jar;D:\javapx\kfhj\repository\org\springframework\boot\spring-boot-starter-test\2.0.2.RELEASE\spring-boot-starter-test-2.0.2.RELEASE.jar;D:\javapx\kfhj\repository\org\springframework\boot\spring-boot-test\2.0.2.RELEASE\spring-boot-test-2.0.2.RELEASE.jar;D:\javapx\kfhj\repository\org\springframework\boot\spring-boot-test-autoconfigure\2.0.2.RELEASE\spring-boot-test-autoconfigure-2.0.2.RELEASE.jar;D:\javapx\kfhj\repository\com\jayway\jsonpath\json-path\2.4.0\json-path-2.4.0.jar;D:\javapx\kfhj\repository\net\minidev\json-smart\2.3\json-smart-2.3.jar;D:\javapx\kfhj\repository\net\minidev\accessors-smart\1.2\accessors-smart-1.2.jar;D:\javapx\kfhj\repository\org\ow2\asm\asm\5.0.4\asm-5.0.4.jar;D:\javapx\kfhj\repository\junit\junit\4.12\junit-4.12.jar;D:\javapx\kfhj\repository\org\assertj\assertj-core\3.9.1\assertj-core-3.9.1.jar;D:\javapx\kfhj\repository\org\mockito\mockito-core\2.15.0\mockito-core-2.15.0.jar;D:\javapx\kfhj\repository\net\bytebuddy\byte-buddy\1.7.11\byte-buddy-1.7.11.jar;D:\javapx\kfhj\repository\net\bytebuddy\byte-buddy-agent\1.7.11\byte-buddy-agent-1.7.11.jar;D:\javapx\kfhj\repository\org\objenesis\objenesis\2.6\objenesis-2.6.jar;D:\javapx\kfhj\repository\org\hamcrest\hamcrest-core\1.3\hamcrest-core-1.3.jar;D:\javapx\kfhj\repository\org\hamcrest\hamcrest-library\1.3\hamcrest-library-1.3.jar;D:\javapx\kfhj\repository\org\skyscreamer\jsonassert\1.5.0\jsonassert-1.5.0.jar;D:\javapx\kfhj\repository\com\vaadin\external\google\android-json\0.0.20131108.vaadin1\android-json-0.0.20131108.vaadin1.jar;D:\javapx\kfhj\repository\org\springframework\spring-core\5.0.6.RELEASE\spring-core-5.0.6.RELEASE.jar;D:\javapx\kfhj\repository\org\springframework\spring-jcl\5.0.6.RELEASE\spring-jcl-5.0.6.RELEASE.jar;D:\javapx\kfhj\repository\org\springframework\spring-test\5.0.6.RELEASE\spring-test-5.0.6.RELEASE.jar;D:\javapx\kfhj\repository\org\xmlunit\xmlunit-core\2.5.1\xmlunit-core-2.5.1.jar;"/>
    <property name="java.vm.vendor" value="Oracle Corporation"/>
    <property name="sun.arch.data.model" value="64"/>
    <property name="user.variant" value=""/>
    <property name="java.vendor.url" value="http://java.oracle.com/"/>
    <property name="user.timezone" value=""/>
    <property name="java.vm.specification.version" value="1.8"/>
    <property name="os.name" value="Windows 10"/>
    <property name="user.country" value="CN"/>
    <property name="sun.java.launcher" value="SUN_STANDARD"/>
    <property name="sun.boot.library.path" value="C:\Program Files\Java\jdk1.8.0_144\jre\bin"/>
    <property name="sun.java.command" value="C:\Users\ASUS\AppData\Local\Temp\surefire8348360754265471979\surefirebooter1242716400657672483.jar C:\Users\ASUS\AppData\Local\Temp\surefire8348360754265471979 2023-07-13T21-14-55_711-jvmRun1 surefire7725875530368583053tmp surefire_01037045300257883839tmp"/>
    <property name="surefire.test.class.path" value="D:\Thread_code\SpringBoot_Code\day01_springboot_quick_start\target\test-classes;D:\Thread_code\SpringBoot_Code\day01_springboot_quick_start\target\classes;D:\javapx\kfhj\repository\org\springframework\boot\spring-boot-starter-web\2.0.2.RELEASE\spring-boot-starter-web-2.0.2.RELEASE.jar;D:\javapx\kfhj\repository\org\springframework\boot\spring-boot-starter\2.0.2.RELEASE\spring-boot-starter-2.0.2.RELEASE.jar;D:\javapx\kfhj\repository\org\springframework\boot\spring-boot-starter-logging\2.0.2.RELEASE\spring-boot-starter-logging-2.0.2.RELEASE.jar;D:\javapx\kfhj\repository\ch\qos\logback\logback-classic\1.2.3\logback-classic-1.2.3.jar;D:\javapx\kfhj\repository\ch\qos\logback\logback-core\1.2.3\logback-core-1.2.3.jar;D:\javapx\kfhj\repository\org\apache\logging\log4j\log4j-to-slf4j\2.10.0\log4j-to-slf4j-2.10.0.jar;D:\javapx\kfhj\repository\org\apache\logging\log4j\log4j-api\2.10.0\log4j-api-2.10.0.jar;D:\javapx\kfhj\repository\org\slf4j\jul-to-slf4j\1.7.25\jul-to-slf4j-1.7.25.jar;D:\javapx\kfhj\repository\javax\annotation\javax.annotation-api\1.3.2\javax.annotation-api-1.3.2.jar;D:\javapx\kfhj\repository\org\yaml\snakeyaml\1.19\snakeyaml-1.19.jar;D:\javapx\kfhj\repository\org\springframework\boot\spring-boot-starter-json\2.0.2.RELEASE\spring-boot-starter-json-2.0.2.RELEASE.jar;D:\javapx\kfhj\repository\com\fasterxml\jackson\core\jackson-databind\2.9.5\jackson-databind-2.9.5.jar;D:\javapx\kfhj\repository\com\fasterxml\jackson\core\jackson-annotations\2.9.0\jackson-annotations-2.9.0.jar;D:\javapx\kfhj\repository\com\fasterxml\jackson\core\jackson-core\2.9.5\jackson-core-2.9.5.jar;D:\javapx\kfhj\repository\com\fasterxml\jackson\datatype\jackson-datatype-jdk8\2.9.5\jackson-datatype-jdk8-2.9.5.jar;D:\javapx\kfhj\repository\com\fasterxml\jackson\datatype\jackson-datatype-jsr310\2.9.5\jackson-datatype-jsr310-2.9.5.jar;D:\javapx\kfhj\repository\com\fasterxml\jackson\module\jackson-module-parameter-names\2.9.5\jackson-module-parameter-names-2.9.5.jar;D:\javapx\kfhj\repository\org\springframework\boot\spring-boot-starter-tomcat\2.0.2.RELEASE\spring-boot-starter-tomcat-2.0.2.RELEASE.jar;D:\javapx\kfhj\repository\org\apache\tomcat\embed\tomcat-embed-core\8.5.31\tomcat-embed-core-8.5.31.jar;D:\javapx\kfhj\repository\org\apache\tomcat\embed\tomcat-embed-el\8.5.31\tomcat-embed-el-8.5.31.jar;D:\javapx\kfhj\repository\org\apache\tomcat\embed\tomcat-embed-websocket\8.5.31\tomcat-embed-websocket-8.5.31.jar;D:\javapx\kfhj\repository\org\hibernate\validator\hibernate-validator\6.0.9.Final\hibernate-validator-6.0.9.Final.jar;D:\javapx\kfhj\repository\javax\validation\validation-api\2.0.1.Final\validation-api-2.0.1.Final.jar;D:\javapx\kfhj\repository\org\jboss\logging\jboss-logging\3.3.2.Final\jboss-logging-3.3.2.Final.jar;D:\javapx\kfhj\repository\com\fasterxml\classmate\1.3.4\classmate-1.3.4.jar;D:\javapx\kfhj\repository\org\springframework\spring-web\5.0.6.RELEASE\spring-web-5.0.6.RELEASE.jar;D:\javapx\kfhj\repository\org\springframework\spring-beans\5.0.6.RELEASE\spring-beans-5.0.6.RELEASE.jar;D:\javapx\kfhj\repository\org\springframework\spring-webmvc\5.0.6.RELEASE\spring-webmvc-5.0.6.RELEASE.jar;D:\javapx\kfhj\repository\org\springframework\spring-aop\5.0.6.RELEASE\spring-aop-5.0.6.RELEASE.jar;D:\javapx\kfhj\repository\org\springframework\spring-context\5.0.6.RELEASE\spring-context-5.0.6.RELEASE.jar;D:\javapx\kfhj\repository\org\springframework\spring-expression\5.0.6.RELEASE\spring-expression-5.0.6.RELEASE.jar;D:\javapx\kfhj\repository\org\springframework\boot\spring-boot-devtools\2.0.2.RELEASE\spring-boot-devtools-2.0.2.RELEASE.jar;D:\javapx\kfhj\repository\org\springframework\boot\spring-boot\2.0.2.RELEASE\spring-boot-2.0.2.RELEASE.jar;D:\javapx\kfhj\repository\org\springframework\boot\spring-boot-autoconfigure\2.0.2.RELEASE\spring-boot-autoconfigure-2.0.2.RELEASE.jar;D:\javapx\kfhj\repository\org\springframework\boot\spring-boot-configuration-processor\2.0.2.RELEASE\spring-boot-configuration-processor-2.0.2.RELEASE.jar;D:\javapx\kfhj\repository\org\springframework\boot\spring-boot-starter-jdbc\2.0.2.RELEASE\spring-boot-starter-jdbc-2.0.2.RELEASE.jar;D:\javapx\kfhj\repository\com\zaxxer\HikariCP\2.7.9\HikariCP-2.7.9.jar;D:\javapx\kfhj\repository\org\springframework\spring-jdbc\5.0.6.RELEASE\spring-jdbc-5.0.6.RELEASE.jar;D:\javapx\kfhj\repository\org\springframework\spring-tx\5.0.6.RELEASE\spring-tx-5.0.6.RELEASE.jar;D:\javapx\kfhj\repository\com\mysql\mysql-connector-j\8.0.33\mysql-connector-j-8.0.33.jar;D:\javapx\kfhj\repository\com\google\protobuf\protobuf-java\3.21.9\protobuf-java-3.21.9.jar;D:\javapx\kfhj\repository\com\alibaba\druid-spring-boot-starter\1.1.10\druid-spring-boot-starter-1.1.10.jar;D:\javapx\kfhj\repository\com\alibaba\druid\1.1.10\druid-1.1.10.jar;D:\javapx\kfhj\repository\org\slf4j\slf4j-api\1.7.25\slf4j-api-1.7.25.jar;D:\javapx\kfhj\repository\org\mybatis\spring\boot\mybatis-spring-boot-starter\2.0.1\mybatis-spring-boot-starter-2.0.1.jar;D:\javapx\kfhj\repository\org\mybatis\spring\boot\mybatis-spring-boot-autoconfigure\2.0.1\mybatis-spring-boot-autoconfigure-2.0.1.jar;D:\javapx\kfhj\repository\org\mybatis\mybatis\3.5.1\mybatis-3.5.1.jar;D:\javapx\kfhj\repository\org\mybatis\mybatis-spring\2.0.1\mybatis-spring-2.0.1.jar;D:\javapx\kfhj\repository\org\springframework\boot\spring-boot-starter-test\2.0.2.RELEASE\spring-boot-starter-test-2.0.2.RELEASE.jar;D:\javapx\kfhj\repository\org\springframework\boot\spring-boot-test\2.0.2.RELEASE\spring-boot-test-2.0.2.RELEASE.jar;D:\javapx\kfhj\repository\org\springframework\boot\spring-boot-test-autoconfigure\2.0.2.RELEASE\spring-boot-test-autoconfigure-2.0.2.RELEASE.jar;D:\javapx\kfhj\repository\com\jayway\jsonpath\json-path\2.4.0\json-path-2.4.0.jar;D:\javapx\kfhj\repository\net\minidev\json-smart\2.3\json-smart-2.3.jar;D:\javapx\kfhj\repository\net\minidev\accessors-smart\1.2\accessors-smart-1.2.jar;D:\javapx\kfhj\repository\org\ow2\asm\asm\5.0.4\asm-5.0.4.jar;D:\javapx\kfhj\repository\junit\junit\4.12\junit-4.12.jar;D:\javapx\kfhj\repository\org\assertj\assertj-core\3.9.1\assertj-core-3.9.1.jar;D:\javapx\kfhj\repository\org\mockito\mockito-core\2.15.0\mockito-core-2.15.0.jar;D:\javapx\kfhj\repository\net\bytebuddy\byte-buddy\1.7.11\byte-buddy-1.7.11.jar;D:\javapx\kfhj\repository\net\bytebuddy\byte-buddy-agent\1.7.11\byte-buddy-agent-1.7.11.jar;D:\javapx\kfhj\repository\org\objenesis\objenesis\2.6\objenesis-2.6.jar;D:\javapx\kfhj\repository\org\hamcrest\hamcrest-core\1.3\hamcrest-core-1.3.jar;D:\javapx\kfhj\repository\org\hamcrest\hamcrest-library\1.3\hamcrest-library-1.3.jar;D:\javapx\kfhj\repository\org\skyscreamer\jsonassert\1.5.0\jsonassert-1.5.0.jar;D:\javapx\kfhj\repository\com\vaadin\external\google\android-json\0.0.20131108.vaadin1\android-json-0.0.20131108.vaadin1.jar;D:\javapx\kfhj\repository\org\springframework\spring-core\5.0.6.RELEASE\spring-core-5.0.6.RELEASE.jar;D:\javapx\kfhj\repository\org\springframework\spring-jcl\5.0.6.RELEASE\spring-jcl-5.0.6.RELEASE.jar;D:\javapx\kfhj\repository\org\springframework\spring-test\5.0.6.RELEASE\spring-test-5.0.6.RELEASE.jar;D:\javapx\kfhj\repository\org\xmlunit\xmlunit-core\2.5.1\xmlunit-core-2.5.1.jar;"/>
    <property name="sun.cpu.endian" value="little"/>
    <property name="user.home" value="C:\Users\ASUS"/>
    <property name="user.language" value="zh"/>
    <property name="java.specification.vendor" value="Oracle Corporation"/>
    <property name="java.home" value="C:\Program Files\Java\jdk1.8.0_144\jre"/>
    <property name="basedir" value="D:\Thread_code\SpringBoot_Code\day01_springboot_quick_start"/>
    <property name="file.separator" value="\"/>
    <property name="line.separator" value="&#10;"/>
    <property name="java.vm.specification.vendor" value="Oracle Corporation"/>
    <property name="java.specification.name" value="Java Platform API Specification"/>
    <property name="java.awt.graphicsenv" value="sun.awt.Win32GraphicsEnvironment"/>
    <property name="surefire.real.class.path" value="C:\Users\ASUS\AppData\Local\Temp\surefire8348360754265471979\surefirebooter1242716400657672483.jar"/>
    <property name="sun.boot.class.path" value="C:\Program Files\Java\jdk1.8.0_144\jre\lib\resources.jar;C:\Program Files\Java\jdk1.8.0_144\jre\lib\rt.jar;C:\Program Files\Java\jdk1.8.0_144\jre\lib\sunrsasign.jar;C:\Program Files\Java\jdk1.8.0_144\jre\lib\jsse.jar;C:\Program Files\Java\jdk1.8.0_144\jre\lib\jce.jar;C:\Program Files\Java\jdk1.8.0_144\jre\lib\charsets.jar;C:\Program Files\Java\jdk1.8.0_144\jre\lib\jfr.jar;C:\Program Files\Java\jdk1.8.0_144\jre\classes"/>
    <property name="user.script" value=""/>
    <property name="sun.management.compiler" value="HotSpot 64-Bit Tiered Compilers"/>
    <property name="java.runtime.version" value="1.8.0_144-b01"/>
    <property name="user.name" value="ASUS"/>
    <property name="path.separator" value=";"/>
    <property name="os.version" value="10.0"/>
    <property name="java.endorsed.dirs" value="C:\Program Files\Java\jdk1.8.0_144\jre\lib\endorsed"/>
    <property name="java.runtime.name" value="Java(TM) SE Runtime Environment"/>
    <property name="file.encoding" value="GBK"/>
    <property name="java.vm.name" value="Java HotSpot(TM) 64-Bit Server VM"/>
    <property name="localRepository" value="D:\javapx\kfhj\repository"/>
    <property name="java.vendor.url.bug" value="http://bugreport.sun.com/bugreport/"/>
    <property name="java.io.tmpdir" value="C:\Users\ASUS\AppData\Local\Temp\"/>
    <property name="java.version" value="1.8.0_144"/>
    <property name="user.dir" value="D:\Thread_code\SpringBoot_Code\day01_springboot_quick_start"/>
    <property name="os.arch" value="amd64"/>
    <property name="java.vm.specification.name" value="Java Virtual Machine Specification"/>
    <property name="java.awt.printerjob" value="sun.awt.windows.WPrinterJob"/>
    <property name="sun.os.patch.level" value=""/>
    <property name="idea.version2019.3.5" value="true"/>
    <property name="java.library.path" value="C:\Program Files\Java\jdk1.8.0_144\jre\bin;C:\WINDOWS\Sun\Java\bin;C:\WINDOWS\system32;C:\WINDOWS;C:\Program Files\Java\jdk1.8.0_144\bin;%MYSQL_HOME%\bin;C:\Program Files\Git\cmd;D:\javapx\kfhj\apache-maven-3.8.3\bin;D:\javapx\mysql-8.0.32-winx64\bin;C:\Users\ASUS\AppData\Local\Microsoft\WindowsApps;&quot;C:\Users\ASUS\AppData\Local\Programs\Microsoft VS Code\bin；C:\WINDOWS\system32;&quot;;C:\Windows\System32;C:\Users\ASUS\AppData\Roaming\npm;C:\Users\ASUS\AppData\Local\Programs\Microsoft VS Code\bin;E:\PyCharm Community Edition 2021.3.3\bin;;;."/>
    <property name="java.vm.info" value="mixed mode"/>
    <property name="java.vendor" value="Oracle Corporation"/>
    <property name="java.vm.version" value="25.144-b01"/>
    <property name="java.ext.dirs" value="C:\Program Files\Java\jdk1.8.0_144\jre\lib\ext;C:\WINDOWS\Sun\Java\lib\ext"/>
    <property name="sun.io.unicode.encoding" value="UnicodeLittle"/>
    <property name="maven.repo.local" value="D:\javapx\kfhj\repository"/>
    <property name="java.class.version" value="52.0"/>
  </properties>
  <testcase name="test01FindAll" classname="com.qf.service.RoleServiceImplTest" time="1.455"/>
</testsuite>